2026-06-18T13:01:46.344772|5013010512|start
2026-06-18T13:16:24.544311|5013010512|random
2026-06-18T13:16:55.915014|5013010512|history
2026-06-18T13:20:16.032673|5013010512|random
2026-06-18T13:20:36.395652|5013010512|random
2026-06-18T13:20:57.822130|5013010512|history
2026-06-18T13:21:06.339543|5013010512|again
2026-06-18T13:21:14.020713|5013010512|profile
2026-06-18T13:23:11.065696|5013010512|profile
2026-06-18T13:25:39.394765|5013010512|start
2026-06-18T13:33:50.558068|5013010512|start
2026-06-18T13:34:59.284505|5013010512|grade
2026-06-18T13:44:50.708254|5013010512|start
2026-06-18T14:02:44.323025|5013010512|random
2026-06-18T14:02:47.408787|5013010512|random
2026-06-18T14:02:48.700844|5013010512|random
2026-06-18T14:02:50.513780|5013010512|random
2117-01-01T00:26:35.165749|5013010512|start
2117-01-01T00:26:44.860791|5013010512|start
2117-01-01T00:35:32.053189|5013010512|random
